  Compiling CUDA source file GPU\GPUEngine.cu...
  
  C:\Users\PC\Documents\GitHub\KeyHunt-Cuda\KeyHunt-Cuda>"C:\Program Files\NVIDIA GPU Computing Toolkit\CUDA\v12.6\bin\nvcc.exe" -gencode=arch=compute_52,code=\"sm_52,compute_52\" --use-local-env -ccbin "C:\Program Files (x86)\Microsoft Visual Studio\2019\Enterprise\VC\Tools\MSVC\14.29.30133\bin\HostX86\x64" -x cu   -I"C:\Program Files\NVIDIA GPU Computing Toolkit\CUDA\v12.6\include" -I"C:\Program Files\NVIDIA GPU Computing Toolkit\CUDA\v12.6\include"  -G   --keep-dir x64\Debug  -maxrregcount=0   --machine 64 --compile -cudart static  -g  -DWIN32 -DWIN64 -D_DEBUG -D_CONSOLE -DWITHGPU -D_CRT_SECURE_NO_WARNINGS -D_MBCS -Xcompiler "/EHsc /W3 /nologo /Od /FS /Zi /RTC1 /MDd " -Xcompiler "/Fdx64\Debug\vc142.pdb" -o C:\Users\PC\Documents\GitHub\KeyHunt-Cuda\KeyHunt-Cuda\x64\Debug\GPUEngine.cu.obj "C:\Users\PC\Documents\GitHub\KeyHunt-Cuda\KeyHunt-Cuda\GPU\GPUEngine.cu" 
  device_functions.h is an internal header file and must not be used directly.  This file will be removed in a future CUDA release.  Please use cuda_runtime_api.h or cuda_runtime.h instead.
C:\Users\PC\Documents\GitHub\KeyHunt-Cuda\KeyHunt-Cuda\GPU\GPUEngine.cu(853): warning #177-D: variable "pubkey" was declared but never referenced
    		uint8_t* pubkey = (uint8_t*)(itemPtr + 2);
    		         ^
  
  Remark: The warnings can be suppressed with "-diag-suppress <warning-number>"
  
  GPUEngine.cu
  tmpxft_00002b68_00000000-7_GPUEngine.cudafe1.cpp
  device_functions.h is an internal header file and must not be used directly.  This file will be removed in a future CUDA release.  Please use cuda_runtime_api.h or cuda_runtime.h instead.
C:\Users\PC\Documents\GitHub\KeyHunt-Cuda\KeyHunt-Cuda\GPU\GPUEngine.cu(508): warning C4244: аргумент: преобразование "uint64_t" в "int", возможна потеря данных
C:\Users\PC\Documents\GitHub\KeyHunt-Cuda\KeyHunt-Cuda\GPU\GPUEngine.cu(512): warning C4244: аргумент: преобразование "uint64_t" в "int", возможна потеря данных
C:\Users\PC\Documents\GitHub\KeyHunt-Cuda\KeyHunt-Cuda\GPU\GPUEngine.cu(517): warning C4244: аргумент: преобразование "uint64_t" в "int", возможна потеря данных
C:\Users\PC\Documents\GitHub\KeyHunt-Cuda\KeyHunt-Cuda\GPU\GPUEngine.cu(540): warning C4244: аргумент: преобразование "uint64_t" в "int", возможна потеря данных
cl : командная строка warning D9002: пропуск неизвестного параметра "/arch:SSE"
  Base58.cpp
  Bech32.cpp
  BinSort.cpp
  Bloom.cpp
C:\Users\PC\Documents\GitHub\KeyHunt-Cuda\KeyHunt-Cuda\Bloom.cpp(75,21): warning C4244: инициализация: преобразование "unsigned __int64" в "unsigned int", возможна потеря данных
  CmdParse.cpp
  GmpUtil.cpp
C:\Users\PC\Documents\GitHub\KeyHunt-Cuda\KeyHunt-Cuda\GmpUtil.cpp(2,10): fatal error C1083: Не удается открыть файл включение: gmp.h: No such file or directory,
  GPUGenerate.cpp
  keccak160.cpp
  ripemd160.cpp
  ripemd160_sse.cpp
  sha256.cpp
  sha256_sse.cpp
  sha512.cpp
  Int.cpp
  IntGroup.cpp
  IntMod.cpp
  KeyHunt.cpp
C:\Users\PC\Documents\GitHub\KeyHunt-Cuda\KeyHunt-Cuda\KeyHunt.cpp(94,12): warning C4477: "printf": в строке форматирования "%d" требуется аргумент типа "int", но вариативный аргумент "1" имеет тип "uint64_t"
C:\Users\PC\Documents\GitHub\KeyHunt-Cuda\KeyHunt-Cuda\KeyHunt.cpp(94,12): message : рекомендуется использовать "%lld" в строке форматирования
C:\Users\PC\Documents\GitHub\KeyHunt-Cuda\KeyHunt-Cuda\KeyHunt.cpp(94,12): message : рекомендуется использовать "%Id" в строке форматирования
C:\Users\PC\Documents\GitHub\KeyHunt-Cuda\KeyHunt-Cuda\KeyHunt.cpp(94,12): message : рекомендуется использовать "%I64d" в строке форматирования
C:\Users\PC\Documents\GitHub\KeyHunt-Cuda\KeyHunt-Cuda\KeyHunt.cpp(94,12): warning C4477: "printf": в строке форматирования "%d" требуется аргумент типа "int", но вариативный аргумент "2" имеет тип "uint64_t"
C:\Users\PC\Documents\GitHub\KeyHunt-Cuda\KeyHunt-Cuda\KeyHunt.cpp(94,12): message : рекомендуется использовать "%lld" в строке форматирования
C:\Users\PC\Documents\GitHub\KeyHunt-Cuda\KeyHunt-Cuda\KeyHunt.cpp(94,12): message : рекомендуется использовать "%Id" в строке форматирования
C:\Users\PC\Documents\GitHub\KeyHunt-Cuda\KeyHunt-Cuda\KeyHunt.cpp(94,12): message : рекомендуется использовать "%I64d" в строке форматирования
C:\Users\PC\Documents\GitHub\KeyHunt-Cuda\KeyHunt-Cuda\KeyHunt.cpp(1232,15): warning C4244: аргумент: преобразование "double" в "int", возможна потеря данных
  Main.cpp
C:\Users\PC\Documents\GitHub\KeyHunt-Cuda\KeyHunt-Cuda\my_integrated_code.h(130,30): warning C4244: =: преобразование "unsigned long" в "char", возможна потеря данных
  Point.cpp
  Random.cpp
  Создание кода...
  Компиляция...
  SECP256K1.cpp
  Timer.cpp
  Создание кода...
