cl : командная строка warning D9002: пропуск неизвестного параметра "/arch:SSE"
  KeyHunt.cpp
C:\Users\PC\Documents\GitHub\KeyHunt-Cuda\KeyHunt-Cuda\KeyHunt.cpp(94,12): warning C4477: "printf": в строке форматирования "%d" требуется аргумент типа "int", но вариативный аргумент "1" имеет тип "uint64_t"
C:\Users\PC\Documents\GitHub\KeyHunt-Cuda\KeyHunt-Cuda\KeyHunt.cpp(94,12): message : рекомендуется использовать "%lld" в строке форматирования
C:\Users\PC\Documents\GitHub\KeyHunt-Cuda\KeyHunt-Cuda\KeyHunt.cpp(94,12): message : рекомендуется использовать "%Id" в строке форматирования
C:\Users\PC\Documents\GitHub\KeyHunt-Cuda\KeyHunt-Cuda\KeyHunt.cpp(94,12): message : рекомендуется использовать "%I64d" в строке форматирования
C:\Users\PC\Documents\GitHub\KeyHunt-Cuda\KeyHunt-Cuda\KeyHunt.cpp(94,12): warning C4477: "printf": в строке форматирования "%d" требуется аргумент типа "int", но вариативный аргумент "2" имеет тип "uint64_t"
C:\Users\PC\Documents\GitHub\KeyHunt-Cuda\KeyHunt-Cuda\KeyHunt.cpp(94,12): message : рекомендуется использовать "%lld" в строке форматирования
C:\Users\PC\Documents\GitHub\KeyHunt-Cuda\KeyHunt-Cuda\KeyHunt.cpp(94,12): message : рекомендуется использовать "%Id" в строке форматирования
C:\Users\PC\Documents\GitHub\KeyHunt-Cuda\KeyHunt-Cuda\KeyHunt.cpp(94,12): message : рекомендуется использовать "%I64d" в строке форматирования
C:\Users\PC\Documents\GitHub\KeyHunt-Cuda\KeyHunt-Cuda\KeyHunt.cpp(1261,15): warning C4244: аргумент: преобразование "double" в "int", возможна потеря данных
gmp.lib(invert_limb_table.obj) : warning LNK4078: найдено несколько секций ".rdata" с разными атрибутами (C0400040)
     Создается библиотека C:\Users\PC\Documents\GitHub\KeyHunt-Cuda\x64\Release\KeyHunt-Cuda.lib и объект C:\Users\PC\Documents\GitHub\KeyHunt-Cuda\x64\Release\KeyHunt-Cuda.exp
LINK : warning LNK4098: библиотека по умолчанию "LIBCMT" конфликтует с использованием других библиотек; используйте /NODEFAULTLIB:library
  Создание кода
  0 of 898 functions ( 0.0%) were compiled, the rest were copied from previous compilation.
    0 functions were new in current compilation
    0 functions had inline decision re-evaluated but remain unchanged
  Создание кода завершено
  KeyHunt-Cuda.vcxproj -> C:\Users\PC\Documents\GitHub\KeyHunt-Cuda\x64\Release\KeyHunt-Cuda.exe
